<?xml version="1.0" encoding="UTF-8"?>
<testng-results skipped="0" failed="0" ignored="0" total="5" passed="5">
  <reporter-output>
  </reporter-output>
  <suite name="Default suite" duration-ms="14061" started-at="2021-03-31T19:31:54Z" finished-at="2021-03-31T19:32:08Z">
    <groups>
      <group name="cucumber">
        <method signature="AbstractTestNGCucumberTests.runScenario(io.cucumber.testng.PickleWrapper, io.cucumber.testng.FeatureWrapper)[pri:0, instance:parallel.MyRunner@77167fb7]" name="runScenario" class="io.cucumber.testng.AbstractTestNGCucumberTests"/>
      </group> <!-- cucumber -->
    </groups>
    <test name="Default test" duration-ms="14061" started-at="2021-03-31T19:31:54Z" finished-at="2021-03-31T19:32:08Z">
      <class name="parallel.MyRunner">
        <test-method status="PASS" signature="setUpClass()[pri:0, instance:parallel.MyRunner@77167fb7]" name="setUpClass" is-config="true" duration-ms="277" started-at="2021-03-31T19:31:54Z" finished-at="2021-03-31T19:31:54Z">
          <reporter-output>
          </reporter-output>
        </test-method> <!-- setUpClass -->
        <test-method status="PASS" signature="runScenario(io.cucumber.testng.PickleWrapper, io.cucumber.testng.FeatureWrapper)[pri:0, instance:parallel.MyRunner@77167fb7]" name="runScenario" duration-ms="13758" started-at="2021-03-31T19:31:54Z" description="Runs Cucumber Scenarios" data-provider="scenarios" finished-at="2021-03-31T19:32:08Z">
          <params>
            <param index="0">
              <value>
                <![CDATA["Page Title"]]>
              </value>
            </param>
            <param index="1">
              <value>
                <![CDATA["Optional[Accounts page]"]]>
              </value>
            </param>
          </params>
          <reporter-output>
          </reporter-output>
        </test-method> <!-- runScenario -->
        <test-method status="PASS" signature="runScenario(io.cucumber.testng.PickleWrapper, io.cucumber.testng.FeatureWrapper)[pri:0, instance:parallel.MyRunner@77167fb7]" name="runScenario" duration-ms="13661" started-at="2021-03-31T19:31:54Z" description="Runs Cucumber Scenarios" data-provider="scenarios" finished-at="2021-03-31T19:32:08Z">
          <params>
            <param index="0">
              <value>
                <![CDATA["Accounts Section"]]>
              </value>
            </param>
            <param index="1">
              <value>
                <![CDATA["Optional[Accounts page]"]]>
              </value>
            </param>
          </params>
          <reporter-output>
          </reporter-output>
        </test-method> <!-- runScenario -->
        <test-method status="PASS" signature="runScenario(io.cucumber.testng.PickleWrapper, io.cucumber.testng.FeatureWrapper)[pri:0, instance:parallel.MyRunner@77167fb7]" name="runScenario" duration-ms="10978" started-at="2021-03-31T19:31:54Z" description="Runs Cucumber Scenarios" data-provider="scenarios" finished-at="2021-03-31T19:32:05Z">
          <params>
            <param index="0">
              <value>
                <![CDATA["Login page title"]]>
              </value>
            </param>
            <param index="1">
              <value>
                <![CDATA["Optional[Login page]"]]>
              </value>
            </param>
          </params>
          <reporter-output>
          </reporter-output>
        </test-method> <!-- runScenario -->
        <test-method status="PASS" signature="runScenario(io.cucumber.testng.PickleWrapper, io.cucumber.testng.FeatureWrapper)[pri:0, instance:parallel.MyRunner@77167fb7]" name="runScenario" duration-ms="11223" started-at="2021-03-31T19:31:54Z" description="Runs Cucumber Scenarios" data-provider="scenarios" finished-at="2021-03-31T19:32:06Z">
          <params>
            <param index="0">
              <value>
                <![CDATA["Forget password link"]]>
              </value>
            </param>
            <param index="1">
              <value>
                <![CDATA["Optional[Login page]"]]>
              </value>
            </param>
          </params>
          <reporter-output>
          </reporter-output>
        </test-method> <!-- runScenario -->
        <test-method status="PASS" signature="runScenario(io.cucumber.testng.PickleWrapper, io.cucumber.testng.FeatureWrapper)[pri:0, instance:parallel.MyRunner@77167fb7]" name="runScenario" duration-ms="12697" started-at="2021-03-31T19:31:54Z" description="Runs Cucumber Scenarios" data-provider="scenarios" finished-at="2021-03-31T19:32:07Z">
          <params>
            <param index="0">
              <value>
                <![CDATA["Login with correct cred"]]>
              </value>
            </param>
            <param index="1">
              <value>
                <![CDATA["Optional[Login page]"]]>
              </value>
            </param>
          </params>
          <reporter-output>
          </reporter-output>
        </test-method> <!-- runScenario -->
        <test-method status="PASS" signature="tearDownClass()[pri:0, instance:parallel.MyRunner@77167fb7]" name="tearDownClass" is-config="true" duration-ms="7" started-at="2021-03-31T19:32:08Z" finished-at="2021-03-31T19:32:08Z">
          <reporter-output>
          </reporter-output>
        </test-method> <!-- tearDownClass -->
      </class> <!-- parallel.MyRunner -->
    </test> <!-- Default test -->
  </suite> <!-- Default suite -->
</testng-results>
